11:54:37.214 [main] ERROR com.telran.qa15.tests.desktop.TestBase -
11:54:37.219 [main] ERROR com.telran.qa15.tests.desktop.TestBase - >>>>>>>>>>>>>>>>>>>>>>>>>>>>>>
11:54:37.219 [main] ERROR com.telran.qa15.tests.desktop.TestBase - Error     org.openqa.selenium.NoSuchElementException: Unable to locate element: //*[@class='global-header-section-button']
For documentation on this error, please visit: http://seleniumhq.org/exceptions/no_such_element.html
Build info: version: '3.141.0', revision: '2ecb7d9a', time: '2018-10-31T20:09:30'
System info: host: 'MacBook-Air-Daniel.local', ip: 'fe80:0:0:0:8bb:91cd:8d:f644%en0', os.name: 'Mac OS X', os.arch: 'x86_64', os.version: '10.14', java.version: '9.0.1'
Driver info: org.openqa.selenium.firefox.FirefoxDriver
Capabilities {acceptInsecureCerts: true, browserName: firefox, browserVersion: 63.0.3, javascriptEnabled: true, moz:accessibilityChecks: false, moz:geckodriverVersion: 0.23.0, moz:headless: false, moz:processID: 1163, moz:profile: /var/folders/x1/88kmpgnx0l1..., moz:useNonSpecCompliantPointerOrigin: false, moz:webdriverClick: true, pageLoadStrategy: normal, platform: MAC, platformName: MAC, platformVersion: 18.0.0, rotatable: false, setWindowRect: true, timeouts: {implicit: 0, pageLoad: 300000, script: 30000}, unhandledPromptBehavior: dismiss and notify}
Session ID: 5881ae27-4222-eb4f-b79f-af416271c80b
*** Element info: {Using=xpath, value=//*[@class='global-header-section-button']}
11:54:37.220 [main] ERROR com.telran.qa15.tests.desktop.TestBase - >>>>>>>>>>>>>>>>>>>>>>>>>>>>>>
11:54:37.220 [main] ERROR com.telran.qa15.tests.desktop.TestBase -
11:54:42.289 [main] INFO  com.telran.qa15.tests.desktop.TestBase - Start test: testBoardCreation
11:54:47.939 [main] ERROR com.telran.qa15.tests.desktop.TestBase -
11:54:47.941 [main] ERROR com.telran.qa15.tests.desktop.TestBase - >>>>>>>>>>>>>>>>>>>>>>>>>>>>>>
11:54:47.944 [main] ERROR com.telran.qa15.tests.desktop.TestBase - Error     org.openqa.selenium.interactions.MoveTargetOutOfBoundsException: (530.0250015258789, 821) is out of bounds of viewport width (1400) and height (803)
Build info: version: '3.141.0', revision: '2ecb7d9a', time: '2018-10-31T20:09:30'
System info: host: 'MacBook-Air-Daniel.local', ip: 'fe80:0:0:0:8bb:91cd:8d:f644%en0', os.name: 'Mac OS X', os.arch: 'x86_64', os.version: '10.14', java.version: '9.0.1'
Driver info: org.openqa.selenium.firefox.FirefoxDriver
Capabilities {acceptInsecureCerts: true, browserName: firefox, browserVersion: 63.0.3, javascriptEnabled: true, moz:accessibilityChecks: false, moz:geckodriverVersion: 0.23.0, moz:headless: false, moz:processID: 1163, moz:profile: /var/folders/x1/88kmpgnx0l1..., moz:useNonSpecCompliantPointerOrigin: false, moz:webdriverClick: true, pageLoadStrategy: normal, platform: MAC, platformName: MAC, platformVersion: 18.0.0, rotatable: false, setWindowRect: true, timeouts: {implicit: 0, pageLoad: 300000, script: 30000}, unhandledPromptBehavior: dismiss and notify}
Session ID: 5881ae27-4222-eb4f-b79f-af416271c80b
11:54:47.945 [main] ERROR com.telran.qa15.tests.desktop.TestBase - >>>>>>>>>>>>>>>>>>>>>>>>>>>>>>
11:54:47.945 [main] ERROR com.telran.qa15.tests.desktop.TestBase -
11:54:48.020 [main] ERROR com.telran.qa15.tests.desktop.TestBase -
11:54:48.022 [main] ERROR com.telran.qa15.tests.desktop.TestBase - >>>>>>>>>>>>>>>>>>>>>>>>>>>>>>
11:54:48.023 [main] ERROR com.telran.qa15.tests.desktop.TestBase - Error     org.openqa.selenium.interactions.MoveTargetOutOfBoundsException: (530.0250015258789, 821) is out of bounds of viewport width (1400) and height (803)
Build info: version: '3.141.0', revision: '2ecb7d9a', time: '2018-10-31T20:09:30'
System info: host: 'MacBook-Air-Daniel.local', ip: 'fe80:0:0:0:8bb:91cd:8d:f644%en0', os.name: 'Mac OS X', os.arch: 'x86_64', os.version: '10.14', java.version: '9.0.1'
Driver info: org.openqa.selenium.firefox.FirefoxDriver
Capabilities {acceptInsecureCerts: true, browserName: firefox, browserVersion: 63.0.3, javascriptEnabled: true, moz:accessibilityChecks: false, moz:geckodriverVersion: 0.23.0, moz:headless: false, moz:processID: 1163, moz:profile: /var/folders/x1/88kmpgnx0l1..., moz:useNonSpecCompliantPointerOrigin: false, moz:webdriverClick: true, pageLoadStrategy: normal, platform: MAC, platformName: MAC, platformVersion: 18.0.0, rotatable: false, setWindowRect: true, timeouts: {implicit: 0, pageLoad: 300000, script: 30000}, unhandledPromptBehavior: dismiss and notify}
Session ID: 5881ae27-4222-eb4f-b79f-af416271c80b
11:54:48.024 [main] ERROR com.telran.qa15.tests.desktop.TestBase - >>>>>>>>>>>>>>>>>>>>>>>>>>>>>>
11:54:48.024 [main] ERROR com.telran.qa15.tests.desktop.TestBase -
11:54:48.094 [main] INFO  com.telran.qa15.tests.desktop.TestBase - Stop test: testBoardCreation
